<?xml version="1.0" encoding="UTF-8"?>
<!-- Generated by org.testng.reporters.JUnitReportReporter -->
<testsuite hostname="Ankur" failures="0" tests="1" name="Register.DWS_Register_02_Test" time="3.045" errors="0" timestamp="2024-01-02T12:30:30 IST" skipped="0">
  <testcase classname="Register.DWS_Register_02_Test" name="Register_user" time="3.045"/>
  <system-out/>
</testsuite> <!-- Register.DWS_Register_02_Test -->
