<?xml version="1.0" encoding="UTF-8"?>
<!-- Generated by org.testng.reporters.JUnitReportReporter -->
<testsuite hostname="Ankur" failures="0" tests="4" name="login.DWS_Login_01_Test" time="4.882" errors="0" timestamp="2024-01-02T12:30:30 IST" skipped="0">
  <testcase classname="login.DWS_Login_01_Test" name="Login_to_application_with_valid_credentials" time="1.525"/>
  <system-out/>
  <testcase classname="login.DWS_Login_01_Test" name="Login_to_application_with_valid_credentials" time="1.392"/>
  <system-out/>
  <testcase classname="login.DWS_Login_01_Test" name="Login_to_application_with_valid_credentials" time="1.115"/>
  <system-out/>
  <testcase classname="login.DWS_Login_01_Test" name="Login_to_application_with_valid_credentials" time="0.850"/>
  <system-out/>
</testsuite> <!-- login.DWS_Login_01_Test -->
