<?xml version="1.0" encoding="UTF-8"?>
<!-- Generated by org.testng.reporters.JUnitReportReporter -->
<testsuite hostname="Ankur" failures="0" tests="1" name="DisplayErrorMsg.DWS_VerifyErrorMsg_08_Test" time="6.393" errors="0" timestamp="2024-01-02T12:30:30 IST" skipped="0">
  <testcase classname="DisplayErrorMsg.DWS_VerifyErrorMsg_08_Test" name="Verify_the_error_message" time="6.393"/>
  <system-out/>
</testsuite> <!-- DisplayErrorMsg.DWS_VerifyErrorMsg_08_Test -->
